<?xml version="1.0" encoding="UTF-8"?>
<Site BuildName="Linux-c++"
	BuildStamp="20240511-2205-Experimental"
	Name="NikodemWindows"
	Generator="ctest-3.22.1"
	CompilerName="/usr/bin/c++"
	CompilerVersion="11.4.0"
	OSName="Linux"
	Hostname="NikodemWindows"
	OSRelease="5.15.146.1-microsoft-standard-WSL2"
	OSVersion="#1 SMP Thu Jan 11 04:09:03 UTC 2024"
	OSPlatform="x86_64"
	Is64Bits="1"
	VendorString="AuthenticAMD"
	VendorID="Advanced Micro Devices"
	FamilyID="23"
	ModelID="1"
	ProcessorCacheSize="512"
	NumberOfLogicalCPU="16"
	NumberOfPhysicalCPU="8"
	TotalVirtualMemory="2048"
	TotalPhysicalMemory="7910"
	LogicalProcessorsPerPhysical="2"
	ProcessorClockFrequency="2994.43"
	>
	<Testing>
		<StartDateTime>May 12 01:10 CEST</StartDateTime>
		<StartTestTime>1715469027</StartTestTime>
		<TestList/>
		<EndDateTime>May 12 01:10 CEST</EndDateTime>
		<EndTestTime>1715469027</EndTestTime>
		<ElapsedMinutes>0</ElapsedMinutes>
	</Testing>
</Site>
